<?xml version="1.0" encoding="UTF-8"?>
<!-- Generated by org.testng.reporters.JUnitXMLReporter -->
<testsuite hostname="DESKTOP-CU7FF5S" ignored="0" name="FirstNG Test" tests="2" failures="1" timestamp="2021-07-29T13:04:50 IST" time="40.453" errors="0">
  <testcase name="titleTest" time="15.194" classname="day4.FirstNG"/>
  <testcase name="searchTest" time="19.877" classname="day4.FirstNG">
    <failure type="java.lang.AssertionError" message="expected [true] but found [false]">
      <![CDATA[java.lang.AssertionError: expected [true] but found [false]
at day4.FirstNG.searchTest(FirstNG.java:34)
at java.util.ArrayList.forEach(Unknown Source)
at java.util.concurrent.FutureTask.run(Unknown Source)
at java.util.concurrent.ThreadPoolExecutor.runWorker(Unknown Source)
at java.util.concurrent.ThreadPoolExecutor$Worker.run(Unknown Source)
at java.lang.Thread.run(Unknown Source)
... Removed 22 stack frames]]>
    </failure>
  </testcase> <!-- searchTest -->
</testsuite> <!-- FirstNG Test -->
