<?xml version="1.0" encoding="UTF-8"?>
<testng-results skipped="0" failed="0" ignored="0" total="1" passed="1">
  <reporter-output>
  </reporter-output>
  <suite name="Default suite" duration-ms="17471" started-at="2021-07-30T18:15:35 IST" finished-at="2021-07-30T18:15:52 IST">
    <groups>
    </groups>
    <test name="Default test" duration-ms="17471" started-at="2021-07-30T18:15:35 IST" finished-at="2021-07-30T18:15:52 IST">
      <class name="day6.NewTest">
        <test-method status="PASS" signature="beforeTest()[pri:0, instance:day6.NewTest@3e57cd70]" name="beforeTest" is-config="true" duration-ms="3573" started-at="2021-07-30T18:15:35 IST" finished-at="2021-07-30T18:15:38 IST">
          <reporter-output>
          </reporter-output>
        </test-method> <!-- beforeTest -->
        <test-method status="PASS" signature="f()[pri:0, instance:day6.NewTest@3e57cd70]" name="f" duration-ms="12755" started-at="2021-07-30T18:15:38 IST" finished-at="2021-07-30T18:15:51 IST">
          <reporter-output>
          </reporter-output>
        </test-method> <!-- f -->
        <test-method status="PASS" signature="afterTest()[pri:0, instance:day6.NewTest@3e57cd70]" name="afterTest" is-config="true" duration-ms="1065" started-at="2021-07-30T18:15:51 IST" finished-at="2021-07-30T18:15:52 IST">
          <reporter-output>
          </reporter-output>
        </test-method> <!-- afterTest -->
      </class> <!-- day6.NewTest -->
    </test> <!-- Default test -->
  </suite> <!-- Default suite -->
</testng-results>
