<?xml version="1.0" encoding="UTF-8"?>
<!-- Generated by org.testng.reporters.JUnitXMLReporter -->
<testsuite hostname="DESKTOP-CU7FF5S" ignored="0" name="Default test" tests="6" failures="0" timestamp="2021-07-30T16:31:14 IST" time="10.656" errors="0">
  <testcase name="runKeyTest" time="3.131" classname="day6.ExcelKeyRunner"/>
  <testcase name="runKeyTest" time="0.278" classname="day6.ExcelKeyRunner"/>
  <testcase name="runKeyTest" time="0.151" classname="day6.ExcelKeyRunner"/>
  <testcase name="runKeyTest" time="0.782" classname="day6.ExcelKeyRunner"/>
  <testcase name="runKeyTest" time="0.704" classname="day6.ExcelKeyRunner"/>
  <testcase name="runKeyTest" time="0.003" classname="day6.ExcelKeyRunner"/>
</testsuite> <!-- Default test -->
